\BOOKMARK [1][-]{section.1}{\376\377\000T\000a\000s\000k\000\040\0001\000:\000\040\000A\000n\000a\000l\000y\000s\000i\000s\000\040\000o\000f\000\040\000S\000y\000m\000p\000t\000o\000m\000\040\000C\000o\000-\000o\000c\000c\000u\000r\000r\000e\000n\000c\000e\000\040\000P\000a\000t\000t\000e\000r\000n\000s}{}% 1
\BOOKMARK [2][-]{subsection.1.1}{\376\377\000D\000a\000t\000a\000\040\000P\000r\000e\000p\000r\000o\000c\000e\000s\000s\000i\000n\000g}{section.1}% 2
\BOOKMARK [2][-]{subsection.1.2}{\376\377\000I\000m\000p\000l\000e\000m\000e\000n\000t\000a\000t\000i\000o\000n\000\040\000o\000f\000\040\000A\000p\000r\000i\000o\000r\000i\000\040\000A\000l\000g\000o\000r\000i\000t\000h\000m}{section.1}% 3
\BOOKMARK [2][-]{subsection.1.3}{\376\377\000R\000e\000s\000u\000l\000t\000s}{section.1}% 4
\BOOKMARK [1][-]{section.2}{\376\377\000T\000a\000s\000k\000\040\0002\000:\000\040\000M\000i\000n\000i\000n\000g\000\040\000C\000a\000n\000c\000e\000r\000\040\000F\000e\000a\000t\000u\000r\000e\000\040\000P\000a\000t\000t\000e\000r\000n\000s}{}% 5
\BOOKMARK [2][-]{subsection.2.1}{\376\377\000D\000a\000t\000a\000\040\000P\000r\000e\000p\000r\000o\000c\000e\000s\000s\000i\000n\000g}{section.2}% 6
\BOOKMARK [2][-]{subsection.2.2}{\376\377\000B\000u\000i\000l\000d\000i\000n\000g\000\040\000S\000e\000q\000u\000e\000n\000c\000e\000s}{section.2}% 7
\BOOKMARK [2][-]{subsection.2.3}{\376\377\000P\000a\000t\000t\000e\000r\000n\000\040\000M\000i\000n\000i\000n\000g\000\040\000w\000i\000t\000h\000\040\000G\000S\000P}{section.2}% 8
\BOOKMARK [2][-]{subsection.2.4}{\376\377\000R\000e\000s\000u\000l\000t\000s}{section.2}% 9
\BOOKMARK [2][-]{subsection.2.5}{\376\377\000D\000i\000s\000c\000u\000s\000s\000i\000o\000n}{section.2}% 10
\BOOKMARK [2][-]{subsection.2.6}{\376\377\000C\000o\000n\000c\000l\000u\000s\000i\000o\000n\000\040\000f\000o\000r\000\040\000T\000a\000s\000k\000\040\0002}{section.2}% 11
\BOOKMARK [1][-]{section.3}{\376\377\000T\000a\000s\000k\000\040\0003\000:\000\040\000O\000p\000e\000n\000\040\000A\000d\000v\000a\000n\000c\000e\000d\000\040\000T\000a\000s\000k}{}% 12
\BOOKMARK [2][-]{subsection.3.1}{\376\377\000T\000e\000c\000h\000n\000i\000q\000u\000e\000\040\000e\000x\000p\000l\000a\000n\000a\000t\000i\000o\000n}{section.3}% 13
\BOOKMARK [3][-]{subsubsection.3.1.1}{\376\377\000R\000a\000n\000d\000o\000m\000\040\000f\000o\000r\000e\000s\000t}{subsection.3.1}% 14
\BOOKMARK [3][-]{subsubsection.3.1.2}{\376\377\000G\000r\000a\000d\000i\000e\000n\000t\000\040\000b\000o\000o\000s\000t\000i\000n\000g}{subsection.3.1}% 15
\BOOKMARK [3][-]{subsubsection.3.1.3}{\376\377\000L\000i\000n\000e\000a\000r\000\040\000c\000l\000a\000s\000s\000i\000f\000i\000e\000r}{subsection.3.1}% 16
\BOOKMARK [3][-]{subsubsection.3.1.4}{\376\377\000A\000u\000t\000o\000e\000n\000c\000o\000d\000e\000r\000\040\000w\000i\000t\000h\000\040\000l\000i\000n\000e\000a\000r\000\040\000c\000l\000a\000s\000s\000i\000f\000i\000e\000r}{subsection.3.1}% 17
\BOOKMARK [2][-]{subsection.3.2}{\376\377\000R\000e\000s\000u\000l\000t\000s\000\040\000a\000n\000d\000\040\000c\000o\000m\000p\000a\000r\000i\000s\000o\000n}{section.3}% 18
\BOOKMARK [1][-]{figure.caption.4}{\376\377\000L\000i\000s\000t\000\040\000o\000f\000\040\000R\000e\000f\000e\000r\000e\000n\000c\000e\000s}{}% 19
\BOOKMARK [1][-]{figure.caption.4}{\376\377\000A\000p\000p\000e\000n\000d\000i\000x\000\040\000A\000\040\000-\000\040\000B\000r\000e\000a\000k\000d\000o\000w\000n\000\040\000o\000f\000\040\000C\000o\000n\000t\000r\000i\000b\000u\000t\000i\000o\000n\000s}{}% 20
